

**BETA FEATURE - WORK IN PROGRESS**

USAGE: DepthOfCoverage [arguments]

Generate coverage summary information for reads data
Version:4.2.0.0


Required Arguments:

--input,-I <GATKPath>         BAM/SAM/CRAM file containing reads  This argument must be specified at least once.
                              Required. 

--intervals,-L <String>       One or more genomic intervals over which to operate  This argument must be specified at
                              least once. Required. 

--output,-O <String>          Base file location to which to write coverage summary information, must be a path to a
                              file  Required. 

--reference,-R <GATKPath>     Reference sequence file  Required. 


Optional Arguments:

--add-output-sam-program-record,-add-output-sam-program-record <Boolean>
                              If true, adds a PG tag to created SAM/BAM/CRAM files.  Default value: true. Possible
                              values: {true, false} 

--add-output-vcf-command-line,-add-output-vcf-command-line <Boolean>
                              If true, adds a command line header line to created VCF files.  Default value: true.
                              Possible values: {true, false} 

--arguments_file <File>       read one or more arguments files and add them to the command line  This argument may be
                              specified 0 or more times. Default value: null. 

--calculate-coverage-over-genes,-gene-list <String>
                              Calculate coverage statistics over this list of genes  This argument may be specified 0 or
                              more times. Default value: null.  Cannot be used in conjunction with argument(s)
                              omitIntervals

--cloud-index-prefetch-buffer,-CIPB <Integer>
                              Size of the cloud-only prefetch buffer (in MB; 0 to disable). Defaults to
                              cloudPrefetchBuffer if unset.  Default value: -1. 

--cloud-prefetch-buffer,-CPB <Integer>
                              Size of the cloud-only prefetch buffer (in MB; 0 to disable).  Default value: 40. 

--count-type <CountPileupType>How should overlapping reads from the same fragment be handled? NOTE: currently only
                              COUNT_READS is supported  Default value: COUNT_READS. Possible values: {COUNT_READS,
                              COUNT_FRAGMENTS, COUNT_FRAGMENTS_REQUIRE_SAME_BASE} 

--create-output-bam-index,-OBI <Boolean>
                              If true, create a BAM/CRAM index when writing a coordinate-sorted BAM/CRAM file.  Default
                              value: true. Possible values: {true, false} 

--create-output-bam-md5,-OBM <Boolean>
                              If true, create a MD5 digest for any BAM/SAM/CRAM file created  Default value: false.
                              Possible values: {true, false} 

--create-output-variant-index,-OVI <Boolean>
                              If true, create a VCF index when writing a coordinate-sorted VCF file.  Default value:
                              true. Possible values: {true, false} 

--create-output-variant-md5,-OVM <Boolean>
                              If true, create a a MD5 digest any VCF file created.  Default value: false. Possible
                              values: {true, false} 

--disable-bam-index-caching,-DBIC <Boolean>
                              If true, don't cache bam indexes, this will reduce memory requirements but may harm
                              performance if many intervals are specified.  Caching is automatically disabled if there
                              are no intervals specified.  Default value: false. Possible values: {true, false} 

--disable-read-filter,-DF <String>
                              Read filters to be disabled before analysis  This argument may be specified 0 or more
                              times. Default value: null. Possible values: {MappedReadFilter, NotDuplicateReadFilter,
                              NotSecondaryAlignmentReadFilter, WellformedReadFilterPossible values: {

--disable-sequence-dictionary-validation,-disable-sequence-dictionary-validation <Boolean>
                              If specified, do not check the sequence dictionaries from our inputs for compatibility.
                              Use at your own risk!  Default value: false. Possible values: {true, false} 

--exclude-intervals,-XL <String>
                              One or more genomic intervals to exclude from processing  This argument may be specified 0
                              or more times. Default value: null. 

--gatk-config-file <String>   A configuration file to use with the GATK.  Default value: null. 

--gcs-max-retries,-gcs-retries <Integer>
                              If the GCS bucket channel errors out, how many times it will attempt to re-initiate the
                              connection  Default value: 20. 

--gcs-project-for-requester-pays <String>
                              Project to bill when accessing "requester pays" buckets. If unset, these buckets cannot be
                              accessed.  User must have storage.buckets.get permission on the bucket being accessed. 
                              Default value: . 

--help,-h <Boolean>           display the help message  Default value: false. Possible values: {true, false} 

--interval-exclusion-padding,-ixp <Integer>
                              Amount of padding (in bp) to add to each interval you are excluding.  Default value: 0. 

--interval-merging-rule,-imr <IntervalMergingRule>
                              Interval merging rule for abutting intervals  Default value: ALL. Possible values: {ALL,
                              OVERLAPPING_ONLY} 

--interval-padding,-ip <Integer>
                              Amount of padding (in bp) to add to each interval you are including.  Default value: 0. 

--interval-set-rule,-isr <IntervalSetRule>
                              Set merging approach to use for combining interval inputs  Default value: UNION. Possible
                              values: {UNION, INTERSECTION} 

--lenient,-LE <Boolean>       Lenient processing of VCF files  Default value: false. Possible values: {true, false} 

--max-base-quality <Byte>     Maximum quality of bases to count towards depth  Default value: 127. 

--max-depth-per-sample,-max-depth-per-sample <Integer>
                              Maximum number of reads to retain per sample per locus. Reads above this threshold will be
                              downsampled. Set to 0 to disable.  Default value: 0. 

--min-base-quality <Byte>     Minimum quality of bases to count towards depth  Default value: 0. 

--omit-depth-output-at-each-base <Boolean>
                              Do not output depth of coverage at each base  Default value: false. Possible values:
                              {true, false} 

--omit-genes-not-entirely-covered-by-traversal <Boolean>
                              Do not output gene summary if it was not completely covered by traversal intervals 
                              Default value: false. Possible values: {true, false} 

--omit-interval-statistics <Boolean>
                              Do not calculate per-interval statistics  Default value: false. Possible values: {true,
                              false}  Cannot be used in conjunction with argument(s) refSeqGeneListFiles (gene-list)

--omit-locus-table <Boolean>  Do not calculate per-sample per-depth counts of loci  Default value: false. Possible
                              values: {true, false} 

--omit-per-sample-statistics <Boolean>
                              Do not output the summary files per-sample  Default value: false. Possible values: {true,
                              false} 

--output-format <DEPTH_OF_COVERAGE_OUTPUT_FORMAT>
                              The format of the output file  Default value: CSV. Possible values: {TABLE, CSV} 

--partition-type,-pt <Partition>
                              Partition type for depth of coverage  This argument may be specified 0 or more times.
                              Default value: [sample]. Possible values: {readgroup, sample, library, platform, center,
                              sample_by_platform, sample_by_center, sample_by_platform_by_center} 

--print-base-counts <Boolean> Add base counts to per-locus output  Default value: false. Possible values: {true, false} 

--QUIET <Boolean>             Whether to suppress job-summary info on System.err.  Default value: false. Possible
                              values: {true, false} 

--read-filter,-RF <String>    Read filters to be applied before analysis  This argument may be specified 0 or more
                              times. Default value: null. Possible values: {AlignmentAgreesWithHeaderReadFilter,
                              AllowAllReadsReadFilter, AmbiguousBaseReadFilter, CigarContainsNoNOperator,
                              FirstOfPairReadFilter, FragmentLengthReadFilter, GoodCigarReadFilter,
                              HasReadGroupReadFilter, IntervalOverlapReadFilter, LibraryReadFilter, MappedReadFilter,
                              MappingQualityAvailableReadFilter, MappingQualityNotZeroReadFilter,
                              MappingQualityReadFilter, MatchingBasesAndQualsReadFilter, MateDifferentStrandReadFilter,
                              MateDistantReadFilter, MateOnSameContigOrNoMappedMateReadFilter,
                              MateUnmappedAndUnmappedReadFilter, MetricsReadFilter,
                              NonChimericOriginalAlignmentReadFilter, NonZeroFragmentLengthReadFilter,
                              NonZeroReferenceLengthAlignmentReadFilter, NotDuplicateReadFilter,
                              NotOpticalDuplicateReadFilter, NotProperlyPairedReadFilter,
                              NotSecondaryAlignmentReadFilter, NotSupplementaryAlignmentReadFilter,
                              OverclippedReadFilter, PairedReadFilter, PassesVendorQualityCheckReadFilter,
                              PlatformReadFilter, PlatformUnitReadFilter, PrimaryLineReadFilter,
                              ProperlyPairedReadFilter, ReadGroupBlackListReadFilter, ReadGroupReadFilter,
                              ReadLengthEqualsCigarLengthReadFilter, ReadLengthReadFilter, ReadNameReadFilter,
                              ReadStrandFilter, SampleReadFilter, SecondOfPairReadFilter, SeqIsStoredReadFilter,
                              SoftClippedReadFilter, ValidAlignmentEndReadFilter, ValidAlignmentStartReadFilter,
                              WellformedReadFilterPossible values: {

--read-index,-read-index <GATKPath>
                              Indices to use for the read inputs. If specified, an index must be provided for every read
                              input and in the same order as the read inputs. If this argument is not specified, the
                              path to the index for each input will be inferred automatically.  This argument may be
                              specified 0 or more times. Default value: null. 

--read-validation-stringency,-VS <ValidationStringency>
                              Validation stringency for all SAM/BAM/CRAM/SRA files read by this program.  The default
                              stringency value SILENT can improve performance when processing a BAM file in which
                              variable-length data (read, qualities, tags) do not otherwise need to be decoded.  Default
                              value: SILENT. Possible values: {STRICT, LENIENT, SILENT} 

--seconds-between-progress-updates,-seconds-between-progress-updates <Double>
                              Output traversal statistics every time this many seconds elapse  Default value: 10.0. 

--sequence-dictionary,-sequence-dictionary <GATKPath>
                              Use the given sequence dictionary as the master/canonical sequence dictionary.  Must be a
                              .dict file.  Default value: null. 

--sites-only-vcf-output <Boolean>
                              If true, don't emit genotype fields when writing vcf file output.  Default value: false.
                              Possible values: {true, false} 

--tmp-dir <GATKPath>          Temp directory to use.  Default value: null. 

--use-jdk-deflater,-jdk-deflater <Boolean>
                              Whether to use the JdkDeflater (as opposed to IntelDeflater)  Default value: false.
                              Possible values: {true, false} 

--use-jdk-inflater,-jdk-inflater <Boolean>
                              Whether to use the JdkInflater (as opposed to IntelInflater)  Default value: false.
                              Possible values: {true, false} 

--verbosity,-verbosity <LogLevel>
                              Control verbosity of logging.  Default value: INFO. Possible values: {ERROR, WARNING,
                              INFO, DEBUG} 

--version <Boolean>           display the version number for this tool  Default value: false. Possible values: {true,
                              false} 


Advanced Arguments:

--disable-tool-default-read-filters,-disable-tool-default-read-filters <Boolean>
                              Disable all tool default read filters (WARNING: many tools will not function correctly
                              without their default read filters on)  Default value: false. Possible values: {true,
                              false} 

--ignore-deletion-sites <Boolean>
                              Ignore sites consisting only of deletions  Default value: false. Possible values: {true,
                              false} 

--include-deletions <Boolean> Include information on deletions alongside other bases in output table counts  Default
                              value: false. Possible values: {true, false} 

--include-ref-n-sites <Boolean>
                              Include sites where the reference is N  Default value: false. Possible values: {true,
                              false} 

--nBins <Integer>             Number of bins to use for granular binning  Default value: 499. 

--showHidden,-showHidden <Boolean>
                              display hidden arguments  Default value: false. Possible values: {true, false} 

--start <Integer>             Starting (left endpoint) for granular binning  Default value: 1. 

--stop <Integer>              Ending (right endpoint) for granular binning  Default value: 500. 

--summary-coverage-threshold <Integer>
                              Coverage threshold (in percent) for summarizing statistics  This argument may be specified
                              0 or more times. Default value: [15]. 


***********************************************************************

A USER ERROR has occurred: Argument intervals was missing: Argument 'intervals' is required

***********************************************************************
Set the system property GATK_STACKTRACE_ON_USER_EXCEPTION (--java-options '-DGATK_STACKTRACE_ON_USER_EXCEPTION=true') to print the stack trace.
Using GATK jar /home/jun9485/programs/gatk4/gatk-4.2.0.0/gatk-package-4.2.0.0-local.jar
Running:
    java -Dsamjdk.use_async_io_read_samtools=false -Dsamjdk.use_async_io_write_samtools=true -Dsamjdk.use_async_io_write_tribble=false -Dsamjdk.compression_level=2 -jar /home/jun9485/programs/gatk4/gatk-4.2.0.0/gatk-package-4.2.0.0-local.jar DepthOfCoverage -R /home/jun9485/data/refGenome/b37/human_g1k_v37.fasta -O /home/jun9485/data/WGS/HN00146173/recal_bam/DOC_resultsWGS_Teratoma-9.doc -I /home/jun9485/data/WGS/HN00146173/recal_bam/recal_deduped_sorted_Teratoma-9.bam


**BETA FEATURE - WORK IN PROGRESS**

USAGE: DepthOfCoverage [arguments]

Generate coverage summary information for reads data
Version:4.2.0.0


Required Arguments:

--input,-I <GATKPath>         BAM/SAM/CRAM file containing reads  This argument must be specified at least once.
                              Required. 

--intervals,-L <String>       One or more genomic intervals over which to operate  This argument must be specified at
                              least once. Required. 

--output,-O <String>          Base file location to which to write coverage summary information, must be a path to a
                              file  Required. 

--reference,-R <GATKPath>     Reference sequence file  Required. 


Optional Arguments:

--add-output-sam-program-record,-add-output-sam-program-record <Boolean>
                              If true, adds a PG tag to created SAM/BAM/CRAM files.  Default value: true. Possible
                              values: {true, false} 

--add-output-vcf-command-line,-add-output-vcf-command-line <Boolean>
                              If true, adds a command line header line to created VCF files.  Default value: true.
                              Possible values: {true, false} 

--arguments_file <File>       read one or more arguments files and add them to the command line  This argument may be
                              specified 0 or more times. Default value: null. 

--calculate-coverage-over-genes,-gene-list <String>
                              Calculate coverage statistics over this list of genes  This argument may be specified 0 or
                              more times. Default value: null.  Cannot be used in conjunction with argument(s)
                              omitIntervals

--cloud-index-prefetch-buffer,-CIPB <Integer>
                              Size of the cloud-only prefetch buffer (in MB; 0 to disable). Defaults to
                              cloudPrefetchBuffer if unset.  Default value: -1. 

--cloud-prefetch-buffer,-CPB <Integer>
                              Size of the cloud-only prefetch buffer (in MB; 0 to disable).  Default value: 40. 

--count-type <CountPileupType>How should overlapping reads from the same fragment be handled? NOTE: currently only
                              COUNT_READS is supported  Default value: COUNT_READS. Possible values: {COUNT_READS,
                              COUNT_FRAGMENTS, COUNT_FRAGMENTS_REQUIRE_SAME_BASE} 

--create-output-bam-index,-OBI <Boolean>
                              If true, create a BAM/CRAM index when writing a coordinate-sorted BAM/CRAM file.  Default
                              value: true. Possible values: {true, false} 

--create-output-bam-md5,-OBM <Boolean>
                              If true, create a MD5 digest for any BAM/SAM/CRAM file created  Default value: false.
                              Possible values: {true, false} 

--create-output-variant-index,-OVI <Boolean>
                              If true, create a VCF index when writing a coordinate-sorted VCF file.  Default value:
                              true. Possible values: {true, false} 

--create-output-variant-md5,-OVM <Boolean>
                              If true, create a a MD5 digest any VCF file created.  Default value: false. Possible
                              values: {true, false} 

--disable-bam-index-caching,-DBIC <Boolean>
                              If true, don't cache bam indexes, this will reduce memory requirements but may harm
                              performance if many intervals are specified.  Caching is automatically disabled if there
                              are no intervals specified.  Default value: false. Possible values: {true, false} 

--disable-read-filter,-DF <String>
                              Read filters to be disabled before analysis  This argument may be specified 0 or more
                              times. Default value: null. Possible values: {MappedReadFilter, NotDuplicateReadFilter,
                              NotSecondaryAlignmentReadFilter, WellformedReadFilterPossible values: {

--disable-sequence-dictionary-validation,-disable-sequence-dictionary-validation <Boolean>
                              If specified, do not check the sequence dictionaries from our inputs for compatibility.
                              Use at your own risk!  Default value: false. Possible values: {true, false} 

--exclude-intervals,-XL <String>
                              One or more genomic intervals to exclude from processing  This argument may be specified 0
                              or more times. Default value: null. 

--gatk-config-file <String>   A configuration file to use with the GATK.  Default value: null. 

--gcs-max-retries,-gcs-retries <Integer>
                              If the GCS bucket channel errors out, how many times it will attempt to re-initiate the
                              connection  Default value: 20. 

--gcs-project-for-requester-pays <String>
                              Project to bill when accessing "requester pays" buckets. If unset, these buckets cannot be
                              accessed.  User must have storage.buckets.get permission on the bucket being accessed. 
                              Default value: . 

--help,-h <Boolean>           display the help message  Default value: false. Possible values: {true, false} 

--interval-exclusion-padding,-ixp <Integer>
                              Amount of padding (in bp) to add to each interval you are excluding.  Default value: 0. 

--interval-merging-rule,-imr <IntervalMergingRule>
                              Interval merging rule for abutting intervals  Default value: ALL. Possible values: {ALL,
                              OVERLAPPING_ONLY} 

--interval-padding,-ip <Integer>
                              Amount of padding (in bp) to add to each interval you are including.  Default value: 0. 

--interval-set-rule,-isr <IntervalSetRule>
                              Set merging approach to use for combining interval inputs  Default value: UNION. Possible
                              values: {UNION, INTERSECTION} 

--lenient,-LE <Boolean>       Lenient processing of VCF files  Default value: false. Possible values: {true, false} 

--max-base-quality <Byte>     Maximum quality of bases to count towards depth  Default value: 127. 

--max-depth-per-sample,-max-depth-per-sample <Integer>
                              Maximum number of reads to retain per sample per locus. Reads above this threshold will be
                              downsampled. Set to 0 to disable.  Default value: 0. 

--min-base-quality <Byte>     Minimum quality of bases to count towards depth  Default value: 0. 

--omit-depth-output-at-each-base <Boolean>
                              Do not output depth of coverage at each base  Default value: false. Possible values:
                              {true, false} 

--omit-genes-not-entirely-covered-by-traversal <Boolean>
                              Do not output gene summary if it was not completely covered by traversal intervals 
                              Default value: false. Possible values: {true, false} 

--omit-interval-statistics <Boolean>
                              Do not calculate per-interval statistics  Default value: false. Possible values: {true,
                              false}  Cannot be used in conjunction with argument(s) refSeqGeneListFiles (gene-list)

--omit-locus-table <Boolean>  Do not calculate per-sample per-depth counts of loci  Default value: false. Possible
                              values: {true, false} 

--omit-per-sample-statistics <Boolean>
                              Do not output the summary files per-sample  Default value: false. Possible values: {true,
                              false} 

--output-format <DEPTH_OF_COVERAGE_OUTPUT_FORMAT>
                              The format of the output file  Default value: CSV. Possible values: {TABLE, CSV} 

--partition-type,-pt <Partition>
                              Partition type for depth of coverage  This argument may be specified 0 or more times.
                              Default value: [sample]. Possible values: {readgroup, sample, library, platform, center,
                              sample_by_platform, sample_by_center, sample_by_platform_by_center} 

--print-base-counts <Boolean> Add base counts to per-locus output  Default value: false. Possible values: {true, false} 

--QUIET <Boolean>             Whether to suppress job-summary info on System.err.  Default value: false. Possible
                              values: {true, false} 

--read-filter,-RF <String>    Read filters to be applied before analysis  This argument may be specified 0 or more
                              times. Default value: null. Possible values: {AlignmentAgreesWithHeaderReadFilter,
                              AllowAllReadsReadFilter, AmbiguousBaseReadFilter, CigarContainsNoNOperator,
                              FirstOfPairReadFilter, FragmentLengthReadFilter, GoodCigarReadFilter,
                              HasReadGroupReadFilter, IntervalOverlapReadFilter, LibraryReadFilter, MappedReadFilter,
                              MappingQualityAvailableReadFilter, MappingQualityNotZeroReadFilter,
                              MappingQualityReadFilter, MatchingBasesAndQualsReadFilter, MateDifferentStrandReadFilter,
                              MateDistantReadFilter, MateOnSameContigOrNoMappedMateReadFilter,
                              MateUnmappedAndUnmappedReadFilter, MetricsReadFilter,
                              NonChimericOriginalAlignmentReadFilter, NonZeroFragmentLengthReadFilter,
                              NonZeroReferenceLengthAlignmentReadFilter, NotDuplicateReadFilter,
                              NotOpticalDuplicateReadFilter, NotProperlyPairedReadFilter,
                              NotSecondaryAlignmentReadFilter, NotSupplementaryAlignmentReadFilter,
                              OverclippedReadFilter, PairedReadFilter, PassesVendorQualityCheckReadFilter,
                              PlatformReadFilter, PlatformUnitReadFilter, PrimaryLineReadFilter,
                              ProperlyPairedReadFilter, ReadGroupBlackListReadFilter, ReadGroupReadFilter,
                              ReadLengthEqualsCigarLengthReadFilter, ReadLengthReadFilter, ReadNameReadFilter,
                              ReadStrandFilter, SampleReadFilter, SecondOfPairReadFilter, SeqIsStoredReadFilter,
                              SoftClippedReadFilter, ValidAlignmentEndReadFilter, ValidAlignmentStartReadFilter,
                              WellformedReadFilterPossible values: {

--read-index,-read-index <GATKPath>
                              Indices to use for the read inputs. If specified, an index must be provided for every read
                              input and in the same order as the read inputs. If this argument is not specified, the
                              path to the index for each input will be inferred automatically.  This argument may be
                              specified 0 or more times. Default value: null. 

--read-validation-stringency,-VS <ValidationStringency>
                              Validation stringency for all SAM/BAM/CRAM/SRA files read by this program.  The default
                              stringency value SILENT can improve performance when processing a BAM file in which
                              variable-length data (read, qualities, tags) do not otherwise need to be decoded.  Default
                              value: SILENT. Possible values: {STRICT, LENIENT, SILENT} 

--seconds-between-progress-updates,-seconds-between-progress-updates <Double>
                              Output traversal statistics every time this many seconds elapse  Default value: 10.0. 

--sequence-dictionary,-sequence-dictionary <GATKPath>
                              Use the given sequence dictionary as the master/canonical sequence dictionary.  Must be a
                              .dict file.  Default value: null. 

--sites-only-vcf-output <Boolean>
                              If true, don't emit genotype fields when writing vcf file output.  Default value: false.
                              Possible values: {true, false} 

--tmp-dir <GATKPath>          Temp directory to use.  Default value: null. 

--use-jdk-deflater,-jdk-deflater <Boolean>
                              Whether to use the JdkDeflater (as opposed to IntelDeflater)  Default value: false.
                              Possible values: {true, false} 

--use-jdk-inflater,-jdk-inflater <Boolean>
                              Whether to use the JdkInflater (as opposed to IntelInflater)  Default value: false.
                              Possible values: {true, false} 

--verbosity,-verbosity <LogLevel>
                              Control verbosity of logging.  Default value: INFO. Possible values: {ERROR, WARNING,
                              INFO, DEBUG} 

--version <Boolean>           display the version number for this tool  Default value: false. Possible values: {true,
                              false} 


Advanced Arguments:

--disable-tool-default-read-filters,-disable-tool-default-read-filters <Boolean>
                              Disable all tool default read filters (WARNING: many tools will not function correctly
                              without their default read filters on)  Default value: false. Possible values: {true,
                              false} 

--ignore-deletion-sites <Boolean>
                              Ignore sites consisting only of deletions  Default value: false. Possible values: {true,
                              false} 

--include-deletions <Boolean> Include information on deletions alongside other bases in output table counts  Default
                              value: false. Possible values: {true, false} 

--include-ref-n-sites <Boolean>
                              Include sites where the reference is N  Default value: false. Possible values: {true,
                              false} 

--nBins <Integer>             Number of bins to use for granular binning  Default value: 499. 

--showHidden,-showHidden <Boolean>
                              display hidden arguments  Default value: false. Possible values: {true, false} 

--start <Integer>             Starting (left endpoint) for granular binning  Default value: 1. 

--stop <Integer>              Ending (right endpoint) for granular binning  Default value: 500. 

--summary-coverage-threshold <Integer>
                              Coverage threshold (in percent) for summarizing statistics  This argument may be specified
                              0 or more times. Default value: [15]. 


***********************************************************************

A USER ERROR has occurred: Argument intervals was missing: Argument 'intervals' is required

***********************************************************************
Set the system property GATK_STACKTRACE_ON_USER_EXCEPTION (--java-options '-DGATK_STACKTRACE_ON_USER_EXCEPTION=true') to print the stack trace.
Using GATK jar /home/jun9485/programs/gatk4/gatk-4.2.0.0/gatk-package-4.2.0.0-local.jar
Running:
    java -Dsamjdk.use_async_io_read_samtools=false -Dsamjdk.use_async_io_write_samtools=true -Dsamjdk.use_async_io_write_tribble=false -Dsamjdk.compression_level=2 -jar /home/jun9485/programs/gatk4/gatk-4.2.0.0/gatk-package-4.2.0.0-local.jar DepthOfCoverage -R /home/jun9485/data/refGenome/b37/human_g1k_v37.fasta -O /home/jun9485/data/WGS/HN00146173/recal_bam/DOC_resultsWGS_Teratoma-18.doc -I /home/jun9485/data/WGS/HN00146173/recal_bam/recal_deduped_sorted_Teratoma-18.bam


**BETA FEATURE - WORK IN PROGRESS**

USAGE: DepthOfCoverage [arguments]

Generate coverage summary information for reads data
Version:4.2.0.0


Required Arguments:

--input,-I <GATKPath>         BAM/SAM/CRAM file containing reads  This argument must be specified at least once.
                              Required. 

--intervals,-L <String>       One or more genomic intervals over which to operate  This argument must be specified at
                              least once. Required. 

--output,-O <String>          Base file location to which to write coverage summary information, must be a path to a
                              file  Required. 

--reference,-R <GATKPath>     Reference sequence file  Required. 


Optional Arguments:

--add-output-sam-program-record,-add-output-sam-program-record <Boolean>
                              If true, adds a PG tag to created SAM/BAM/CRAM files.  Default value: true. Possible
                              values: {true, false} 

--add-output-vcf-command-line,-add-output-vcf-command-line <Boolean>
                              If true, adds a command line header line to created VCF files.  Default value: true.
                              Possible values: {true, false} 

--arguments_file <File>       read one or more arguments files and add them to the command line  This argument may be
                              specified 0 or more times. Default value: null. 

--calculate-coverage-over-genes,-gene-list <String>
                              Calculate coverage statistics over this list of genes  This argument may be specified 0 or
                              more times. Default value: null.  Cannot be used in conjunction with argument(s)
                              omitIntervals

--cloud-index-prefetch-buffer,-CIPB <Integer>
                              Size of the cloud-only prefetch buffer (in MB; 0 to disable). Defaults to
                              cloudPrefetchBuffer if unset.  Default value: -1. 

--cloud-prefetch-buffer,-CPB <Integer>
                              Size of the cloud-only prefetch buffer (in MB; 0 to disable).  Default value: 40. 

--count-type <CountPileupType>How should overlapping reads from the same fragment be handled? NOTE: currently only
                              COUNT_READS is supported  Default value: COUNT_READS. Possible values: {COUNT_READS,
                              COUNT_FRAGMENTS, COUNT_FRAGMENTS_REQUIRE_SAME_BASE} 

--create-output-bam-index,-OBI <Boolean>
                              If true, create a BAM/CRAM index when writing a coordinate-sorted BAM/CRAM file.  Default
                              value: true. Possible values: {true, false} 

--create-output-bam-md5,-OBM <Boolean>
                              If true, create a MD5 digest for any BAM/SAM/CRAM file created  Default value: false.
                              Possible values: {true, false} 

--create-output-variant-index,-OVI <Boolean>
                              If true, create a VCF index when writing a coordinate-sorted VCF file.  Default value:
                              true. Possible values: {true, false} 

--create-output-variant-md5,-OVM <Boolean>
                              If true, create a a MD5 digest any VCF file created.  Default value: false. Possible
                              values: {true, false} 

--disable-bam-index-caching,-DBIC <Boolean>
                              If true, don't cache bam indexes, this will reduce memory requirements but may harm
                              performance if many intervals are specified.  Caching is automatically disabled if there
                              are no intervals specified.  Default value: false. Possible values: {true, false} 

--disable-read-filter,-DF <String>
                              Read filters to be disabled before analysis  This argument may be specified 0 or more
                              times. Default value: null. Possible values: {MappedReadFilter, NotDuplicateReadFilter,
                              NotSecondaryAlignmentReadFilter, WellformedReadFilterPossible values: {

--disable-sequence-dictionary-validation,-disable-sequence-dictionary-validation <Boolean>
                              If specified, do not check the sequence dictionaries from our inputs for compatibility.
                              Use at your own risk!  Default value: false. Possible values: {true, false} 

--exclude-intervals,-XL <String>
                              One or more genomic intervals to exclude from processing  This argument may be specified 0
                              or more times. Default value: null. 

--gatk-config-file <String>   A configuration file to use with the GATK.  Default value: null. 

--gcs-max-retries,-gcs-retries <Integer>
                              If the GCS bucket channel errors out, how many times it will attempt to re-initiate the
                              connection  Default value: 20. 

--gcs-project-for-requester-pays <String>
                              Project to bill when accessing "requester pays" buckets. If unset, these buckets cannot be
                              accessed.  User must have storage.buckets.get permission on the bucket being accessed. 
                              Default value: . 

--help,-h <Boolean>           display the help message  Default value: false. Possible values: {true, false} 

--interval-exclusion-padding,-ixp <Integer>
                              Amount of padding (in bp) to add to each interval you are excluding.  Default value: 0. 

--interval-merging-rule,-imr <IntervalMergingRule>
                              Interval merging rule for abutting intervals  Default value: ALL. Possible values: {ALL,
                              OVERLAPPING_ONLY} 

--interval-padding,-ip <Integer>
                              Amount of padding (in bp) to add to each interval you are including.  Default value: 0. 

--interval-set-rule,-isr <IntervalSetRule>
                              Set merging approach to use for combining interval inputs  Default value: UNION. Possible
                              values: {UNION, INTERSECTION} 

--lenient,-LE <Boolean>       Lenient processing of VCF files  Default value: false. Possible values: {true, false} 

--max-base-quality <Byte>     Maximum quality of bases to count towards depth  Default value: 127. 

--max-depth-per-sample,-max-depth-per-sample <Integer>
                              Maximum number of reads to retain per sample per locus. Reads above this threshold will be
                              downsampled. Set to 0 to disable.  Default value: 0. 

--min-base-quality <Byte>     Minimum quality of bases to count towards depth  Default value: 0. 

--omit-depth-output-at-each-base <Boolean>
                              Do not output depth of coverage at each base  Default value: false. Possible values:
                              {true, false} 

--omit-genes-not-entirely-covered-by-traversal <Boolean>
                              Do not output gene summary if it was not completely covered by traversal intervals 
                              Default value: false. Possible values: {true, false} 

--omit-interval-statistics <Boolean>
                              Do not calculate per-interval statistics  Default value: false. Possible values: {true,
                              false}  Cannot be used in conjunction with argument(s) refSeqGeneListFiles (gene-list)

--omit-locus-table <Boolean>  Do not calculate per-sample per-depth counts of loci  Default value: false. Possible
                              values: {true, false} 

--omit-per-sample-statistics <Boolean>
                              Do not output the summary files per-sample  Default value: false. Possible values: {true,
                              false} 

--output-format <DEPTH_OF_COVERAGE_OUTPUT_FORMAT>
                              The format of the output file  Default value: CSV. Possible values: {TABLE, CSV} 

--partition-type,-pt <Partition>
                              Partition type for depth of coverage  This argument may be specified 0 or more times.
                              Default value: [sample]. Possible values: {readgroup, sample, library, platform, center,
                              sample_by_platform, sample_by_center, sample_by_platform_by_center} 

--print-base-counts <Boolean> Add base counts to per-locus output  Default value: false. Possible values: {true, false} 

--QUIET <Boolean>             Whether to suppress job-summary info on System.err.  Default value: false. Possible
                              values: {true, false} 

--read-filter,-RF <String>    Read filters to be applied before analysis  This argument may be specified 0 or more
                              times. Default value: null. Possible values: {AlignmentAgreesWithHeaderReadFilter,
                              AllowAllReadsReadFilter, AmbiguousBaseReadFilter, CigarContainsNoNOperator,
                              FirstOfPairReadFilter, FragmentLengthReadFilter, GoodCigarReadFilter,
                              HasReadGroupReadFilter, IntervalOverlapReadFilter, LibraryReadFilter, MappedReadFilter,
                              MappingQualityAvailableReadFilter, MappingQualityNotZeroReadFilter,
                              MappingQualityReadFilter, MatchingBasesAndQualsReadFilter, MateDifferentStrandReadFilter,
                              MateDistantReadFilter, MateOnSameContigOrNoMappedMateReadFilter,
                              MateUnmappedAndUnmappedReadFilter, MetricsReadFilter,
                              NonChimericOriginalAlignmentReadFilter, NonZeroFragmentLengthReadFilter,
                              NonZeroReferenceLengthAlignmentReadFilter, NotDuplicateReadFilter,
                              NotOpticalDuplicateReadFilter, NotProperlyPairedReadFilter,
                              NotSecondaryAlignmentReadFilter, NotSupplementaryAlignmentReadFilter,
                              OverclippedReadFilter, PairedReadFilter, PassesVendorQualityCheckReadFilter,
                              PlatformReadFilter, PlatformUnitReadFilter, PrimaryLineReadFilter,
                              ProperlyPairedReadFilter, ReadGroupBlackListReadFilter, ReadGroupReadFilter,
                              ReadLengthEqualsCigarLengthReadFilter, ReadLengthReadFilter, ReadNameReadFilter,
                              ReadStrandFilter, SampleReadFilter, SecondOfPairReadFilter, SeqIsStoredReadFilter,
                              SoftClippedReadFilter, ValidAlignmentEndReadFilter, ValidAlignmentStartReadFilter,
                              WellformedReadFilterPossible values: {

--read-index,-read-index <GATKPath>
                              Indices to use for the read inputs. If specified, an index must be provided for every read
                              input and in the same order as the read inputs. If this argument is not specified, the
                              path to the index for each input will be inferred automatically.  This argument may be
                              specified 0 or more times. Default value: null. 

--read-validation-stringency,-VS <ValidationStringency>
                              Validation stringency for all SAM/BAM/CRAM/SRA files read by this program.  The default
                              stringency value SILENT can improve performance when processing a BAM file in which
                              variable-length data (read, qualities, tags) do not otherwise need to be decoded.  Default
                              value: SILENT. Possible values: {STRICT, LENIENT, SILENT} 

--seconds-between-progress-updates,-seconds-between-progress-updates <Double>
                              Output traversal statistics every time this many seconds elapse  Default value: 10.0. 

--sequence-dictionary,-sequence-dictionary <GATKPath>
                              Use the given sequence dictionary as the master/canonical sequence dictionary.  Must be a
                              .dict file.  Default value: null. 

--sites-only-vcf-output <Boolean>
                              If true, don't emit genotype fields when writing vcf file output.  Default value: false.
                              Possible values: {true, false} 

--tmp-dir <GATKPath>          Temp directory to use.  Default value: null. 

--use-jdk-deflater,-jdk-deflater <Boolean>
                              Whether to use the JdkDeflater (as opposed to IntelDeflater)  Default value: false.
                              Possible values: {true, false} 

--use-jdk-inflater,-jdk-inflater <Boolean>
                              Whether to use the JdkInflater (as opposed to IntelInflater)  Default value: false.
                              Possible values: {true, false} 

--verbosity,-verbosity <LogLevel>
                              Control verbosity of logging.  Default value: INFO. Possible values: {ERROR, WARNING,
                              INFO, DEBUG} 

--version <Boolean>           display the version number for this tool  Default value: false. Possible values: {true,
                              false} 


Advanced Arguments:

--disable-tool-default-read-filters,-disable-tool-default-read-filters <Boolean>
                              Disable all tool default read filters (WARNING: many tools will not function correctly
                              without their default read filters on)  Default value: false. Possible values: {true,
                              false} 

--ignore-deletion-sites <Boolean>
                              Ignore sites consisting only of deletions  Default value: false. Possible values: {true,
                              false} 

--include-deletions <Boolean> Include information on deletions alongside other bases in output table counts  Default
                              value: false. Possible values: {true, false} 

--include-ref-n-sites <Boolean>
                              Include sites where the reference is N  Default value: false. Possible values: {true,
                              false} 

--nBins <Integer>             Number of bins to use for granular binning  Default value: 499. 

--showHidden,-showHidden <Boolean>
                              display hidden arguments  Default value: false. Possible values: {true, false} 

--start <Integer>             Starting (left endpoint) for granular binning  Default value: 1. 

--stop <Integer>              Ending (right endpoint) for granular binning  Default value: 500. 

--summary-coverage-threshold <Integer>
                              Coverage threshold (in percent) for summarizing statistics  This argument may be specified
                              0 or more times. Default value: [15]. 


***********************************************************************

A USER ERROR has occurred: Argument intervals was missing: Argument 'intervals' is required

***********************************************************************
Set the system property GATK_STACKTRACE_ON_USER_EXCEPTION (--java-options '-DGATK_STACKTRACE_ON_USER_EXCEPTION=true') to print the stack trace.
Using GATK jar /home/jun9485/programs/gatk4/gatk-4.2.0.0/gatk-package-4.2.0.0-local.jar
Running:
    java -Dsamjdk.use_async_io_read_samtools=false -Dsamjdk.use_async_io_write_samtools=true -Dsamjdk.use_async_io_write_tribble=false -Dsamjdk.compression_level=2 -jar /home/jun9485/programs/gatk4/gatk-4.2.0.0/gatk-package-4.2.0.0-local.jar DepthOfCoverage -R /home/jun9485/data/refGenome/b37/human_g1k_v37.fasta -O /home/jun9485/data/WGS/HN00146173/recal_bam/DOC_resultsWGS_Teratoma-21.doc -I /home/jun9485/data/WGS/HN00146173/recal_bam/recal_deduped_sorted_Teratoma-21.bam


**BETA FEATURE - WORK IN PROGRESS**

USAGE: DepthOfCoverage [arguments]

Generate coverage summary information for reads data
Version:4.2.0.0


Required Arguments:

--input,-I <GATKPath>         BAM/SAM/CRAM file containing reads  This argument must be specified at least once.
                              Required. 

--intervals,-L <String>       One or more genomic intervals over which to operate  This argument must be specified at
                              least once. Required. 

--output,-O <String>          Base file location to which to write coverage summary information, must be a path to a
                              file  Required. 

--reference,-R <GATKPath>     Reference sequence file  Required. 


Optional Arguments:

--add-output-sam-program-record,-add-output-sam-program-record <Boolean>
                              If true, adds a PG tag to created SAM/BAM/CRAM files.  Default value: true. Possible
                              values: {true, false} 

--add-output-vcf-command-line,-add-output-vcf-command-line <Boolean>
                              If true, adds a command line header line to created VCF files.  Default value: true.
                              Possible values: {true, false} 

--arguments_file <File>       read one or more arguments files and add them to the command line  This argument may be
                              specified 0 or more times. Default value: null. 

--calculate-coverage-over-genes,-gene-list <String>
                              Calculate coverage statistics over this list of genes  This argument may be specified 0 or
                              more times. Default value: null.  Cannot be used in conjunction with argument(s)
                              omitIntervals

--cloud-index-prefetch-buffer,-CIPB <Integer>
                              Size of the cloud-only prefetch buffer (in MB; 0 to disable). Defaults to
                              cloudPrefetchBuffer if unset.  Default value: -1. 

--cloud-prefetch-buffer,-CPB <Integer>
                              Size of the cloud-only prefetch buffer (in MB; 0 to disable).  Default value: 40. 

--count-type <CountPileupType>How should overlapping reads from the same fragment be handled? NOTE: currently only
                              COUNT_READS is supported  Default value: COUNT_READS. Possible values: {COUNT_READS,
                              COUNT_FRAGMENTS, COUNT_FRAGMENTS_REQUIRE_SAME_BASE} 

--create-output-bam-index,-OBI <Boolean>
                              If true, create a BAM/CRAM index when writing a coordinate-sorted BAM/CRAM file.  Default
                              value: true. Possible values: {true, false} 

--create-output-bam-md5,-OBM <Boolean>
                              If true, create a MD5 digest for any BAM/SAM/CRAM file created  Default value: false.
                              Possible values: {true, false} 

--create-output-variant-index,-OVI <Boolean>
                              If true, create a VCF index when writing a coordinate-sorted VCF file.  Default value:
                              true. Possible values: {true, false} 

--create-output-variant-md5,-OVM <Boolean>
                              If true, create a a MD5 digest any VCF file created.  Default value: false. Possible
                              values: {true, false} 

--disable-bam-index-caching,-DBIC <Boolean>
                              If true, don't cache bam indexes, this will reduce memory requirements but may harm
                              performance if many intervals are specified.  Caching is automatically disabled if there
                              are no intervals specified.  Default value: false. Possible values: {true, false} 

--disable-read-filter,-DF <String>
                              Read filters to be disabled before analysis  This argument may be specified 0 or more
                              times. Default value: null. Possible values: {MappedReadFilter, NotDuplicateReadFilter,
                              NotSecondaryAlignmentReadFilter, WellformedReadFilterPossible values: {

--disable-sequence-dictionary-validation,-disable-sequence-dictionary-validation <Boolean>
                              If specified, do not check the sequence dictionaries from our inputs for compatibility.
                              Use at your own risk!  Default value: false. Possible values: {true, false} 

--exclude-intervals,-XL <String>
                              One or more genomic intervals to exclude from processing  This argument may be specified 0
                              or more times. Default value: null. 

--gatk-config-file <String>   A configuration file to use with the GATK.  Default value: null. 

--gcs-max-retries,-gcs-retries <Integer>
                              If the GCS bucket channel errors out, how many times it will attempt to re-initiate the
                              connection  Default value: 20. 

--gcs-project-for-requester-pays <String>
                              Project to bill when accessing "requester pays" buckets. If unset, these buckets cannot be
                              accessed.  User must have storage.buckets.get permission on the bucket being accessed. 
                              Default value: . 

--help,-h <Boolean>           display the help message  Default value: false. Possible values: {true, false} 

--interval-exclusion-padding,-ixp <Integer>
                              Amount of padding (in bp) to add to each interval you are excluding.  Default value: 0. 

--interval-merging-rule,-imr <IntervalMergingRule>
                              Interval merging rule for abutting intervals  Default value: ALL. Possible values: {ALL,
                              OVERLAPPING_ONLY} 

--interval-padding,-ip <Integer>
                              Amount of padding (in bp) to add to each interval you are including.  Default value: 0. 

--interval-set-rule,-isr <IntervalSetRule>
                              Set merging approach to use for combining interval inputs  Default value: UNION. Possible
                              values: {UNION, INTERSECTION} 

--lenient,-LE <Boolean>       Lenient processing of VCF files  Default value: false. Possible values: {true, false} 

--max-base-quality <Byte>     Maximum quality of bases to count towards depth  Default value: 127. 

--max-depth-per-sample,-max-depth-per-sample <Integer>
                              Maximum number of reads to retain per sample per locus. Reads above this threshold will be
                              downsampled. Set to 0 to disable.  Default value: 0. 

--min-base-quality <Byte>     Minimum quality of bases to count towards depth  Default value: 0. 

--omit-depth-output-at-each-base <Boolean>
                              Do not output depth of coverage at each base  Default value: false. Possible values:
                              {true, false} 

--omit-genes-not-entirely-covered-by-traversal <Boolean>
                              Do not output gene summary if it was not completely covered by traversal intervals 
                              Default value: false. Possible values: {true, false} 

--omit-interval-statistics <Boolean>
                              Do not calculate per-interval statistics  Default value: false. Possible values: {true,
                              false}  Cannot be used in conjunction with argument(s) refSeqGeneListFiles (gene-list)

--omit-locus-table <Boolean>  Do not calculate per-sample per-depth counts of loci  Default value: false. Possible
                              values: {true, false} 

--omit-per-sample-statistics <Boolean>
                              Do not output the summary files per-sample  Default value: false. Possible values: {true,
                              false} 

--output-format <DEPTH_OF_COVERAGE_OUTPUT_FORMAT>
                              The format of the output file  Default value: CSV. Possible values: {TABLE, CSV} 

--partition-type,-pt <Partition>
                              Partition type for depth of coverage  This argument may be specified 0 or more times.
                              Default value: [sample]. Possible values: {readgroup, sample, library, platform, center,
                              sample_by_platform, sample_by_center, sample_by_platform_by_center} 

--print-base-counts <Boolean> Add base counts to per-locus output  Default value: false. Possible values: {true, false} 

--QUIET <Boolean>             Whether to suppress job-summary info on System.err.  Default value: false. Possible
                              values: {true, false} 

--read-filter,-RF <String>    Read filters to be applied before analysis  This argument may be specified 0 or more
                              times. Default value: null. Possible values: {AlignmentAgreesWithHeaderReadFilter,
                              AllowAllReadsReadFilter, AmbiguousBaseReadFilter, CigarContainsNoNOperator,
                              FirstOfPairReadFilter, FragmentLengthReadFilter, GoodCigarReadFilter,
                              HasReadGroupReadFilter, IntervalOverlapReadFilter, LibraryReadFilter, MappedReadFilter,
                              MappingQualityAvailableReadFilter, MappingQualityNotZeroReadFilter,
                              MappingQualityReadFilter, MatchingBasesAndQualsReadFilter, MateDifferentStrandReadFilter,
                              MateDistantReadFilter, MateOnSameContigOrNoMappedMateReadFilter,
                              MateUnmappedAndUnmappedReadFilter, MetricsReadFilter,
                              NonChimericOriginalAlignmentReadFilter, NonZeroFragmentLengthReadFilter,
                              NonZeroReferenceLengthAlignmentReadFilter, NotDuplicateReadFilter,
                              NotOpticalDuplicateReadFilter, NotProperlyPairedReadFilter,
                              NotSecondaryAlignmentReadFilter, NotSupplementaryAlignmentReadFilter,
                              OverclippedReadFilter, PairedReadFilter, PassesVendorQualityCheckReadFilter,
                              PlatformReadFilter, PlatformUnitReadFilter, PrimaryLineReadFilter,
                              ProperlyPairedReadFilter, ReadGroupBlackListReadFilter, ReadGroupReadFilter,
                              ReadLengthEqualsCigarLengthReadFilter, ReadLengthReadFilter, ReadNameReadFilter,
                              ReadStrandFilter, SampleReadFilter, SecondOfPairReadFilter, SeqIsStoredReadFilter,
                              SoftClippedReadFilter, ValidAlignmentEndReadFilter, ValidAlignmentStartReadFilter,
                              WellformedReadFilterPossible values: {

--read-index,-read-index <GATKPath>
                              Indices to use for the read inputs. If specified, an index must be provided for every read
                              input and in the same order as the read inputs. If this argument is not specified, the
                              path to the index for each input will be inferred automatically.  This argument may be
                              specified 0 or more times. Default value: null. 

--read-validation-stringency,-VS <ValidationStringency>
                              Validation stringency for all SAM/BAM/CRAM/SRA files read by this program.  The default
                              stringency value SILENT can improve performance when processing a BAM file in which
                              variable-length data (read, qualities, tags) do not otherwise need to be decoded.  Default
                              value: SILENT. Possible values: {STRICT, LENIENT, SILENT} 

--seconds-between-progress-updates,-seconds-between-progress-updates <Double>
                              Output traversal statistics every time this many seconds elapse  Default value: 10.0. 

--sequence-dictionary,-sequence-dictionary <GATKPath>
                              Use the given sequence dictionary as the master/canonical sequence dictionary.  Must be a
                              .dict file.  Default value: null. 

--sites-only-vcf-output <Boolean>
                              If true, don't emit genotype fields when writing vcf file output.  Default value: false.
                              Possible values: {true, false} 

--tmp-dir <GATKPath>          Temp directory to use.  Default value: null. 

--use-jdk-deflater,-jdk-deflater <Boolean>
                              Whether to use the JdkDeflater (as opposed to IntelDeflater)  Default value: false.
                              Possible values: {true, false} 

--use-jdk-inflater,-jdk-inflater <Boolean>
                              Whether to use the JdkInflater (as opposed to IntelInflater)  Default value: false.
                              Possible values: {true, false} 

--verbosity,-verbosity <LogLevel>
                              Control verbosity of logging.  Default value: INFO. Possible values: {ERROR, WARNING,
                              INFO, DEBUG} 

--version <Boolean>           display the version number for this tool  Default value: false. Possible values: {true,
                              false} 


Advanced Arguments:

--disable-tool-default-read-filters,-disable-tool-default-read-filters <Boolean>
                              Disable all tool default read filters (WARNING: many tools will not function correctly
                              without their default read filters on)  Default value: false. Possible values: {true,
                              false} 

--ignore-deletion-sites <Boolean>
                              Ignore sites consisting only of deletions  Default value: false. Possible values: {true,
                              false} 

--include-deletions <Boolean> Include information on deletions alongside other bases in output table counts  Default
                              value: false. Possible values: {true, false} 

--include-ref-n-sites <Boolean>
                              Include sites where the reference is N  Default value: false. Possible values: {true,
                              false} 

--nBins <Integer>             Number of bins to use for granular binning  Default value: 499. 

--showHidden,-showHidden <Boolean>
                              display hidden arguments  Default value: false. Possible values: {true, false} 

--start <Integer>             Starting (left endpoint) for granular binning  Default value: 1. 

--stop <Integer>              Ending (right endpoint) for granular binning  Default value: 500. 

--summary-coverage-threshold <Integer>
                              Coverage threshold (in percent) for summarizing statistics  This argument may be specified
                              0 or more times. Default value: [15]. 


***********************************************************************

A USER ERROR has occurred: Argument intervals was missing: Argument 'intervals' is required

***********************************************************************
Set the system property GATK_STACKTRACE_ON_USER_EXCEPTION (--java-options '-DGATK_STACKTRACE_ON_USER_EXCEPTION=true') to print the stack trace.
Using GATK jar /home/jun9485/programs/gatk4/gatk-4.2.0.0/gatk-package-4.2.0.0-local.jar
Running:
    java -Dsamjdk.use_async_io_read_samtools=false -Dsamjdk.use_async_io_write_samtools=true -Dsamjdk.use_async_io_write_tribble=false -Dsamjdk.compression_level=2 -jar /home/jun9485/programs/gatk4/gatk-4.2.0.0/gatk-package-4.2.0.0-local.jar DepthOfCoverage -R /home/jun9485/data/refGenome/b37/human_g1k_v37.fasta -O /home/jun9485/data/WGS/HN00146173/recal_bam/DOC_resultsWGS_Teratoma-22.doc -I /home/jun9485/data/WGS/HN00146173/recal_bam/recal_deduped_sorted_Teratoma-22.bam


**BETA FEATURE - WORK IN PROGRESS**

USAGE: DepthOfCoverage [arguments]

Generate coverage summary information for reads data
Version:4.2.0.0


Required Arguments:

--input,-I <GATKPath>         BAM/SAM/CRAM file containing reads  This argument must be specified at least once.
                              Required. 

--intervals,-L <String>       One or more genomic intervals over which to operate  This argument must be specified at
                              least once. Required. 

--output,-O <String>          Base file location to which to write coverage summary information, must be a path to a
                              file  Required. 

--reference,-R <GATKPath>     Reference sequence file  Required. 


Optional Arguments:

--add-output-sam-program-record,-add-output-sam-program-record <Boolean>
                              If true, adds a PG tag to created SAM/BAM/CRAM files.  Default value: true. Possible
                              values: {true, false} 

--add-output-vcf-command-line,-add-output-vcf-command-line <Boolean>
                              If true, adds a command line header line to created VCF files.  Default value: true.
                              Possible values: {true, false} 

--arguments_file <File>       read one or more arguments files and add them to the command line  This argument may be
                              specified 0 or more times. Default value: null. 

--calculate-coverage-over-genes,-gene-list <String>
                              Calculate coverage statistics over this list of genes  This argument may be specified 0 or
                              more times. Default value: null.  Cannot be used in conjunction with argument(s)
                              omitIntervals

--cloud-index-prefetch-buffer,-CIPB <Integer>
                              Size of the cloud-only prefetch buffer (in MB; 0 to disable). Defaults to
                              cloudPrefetchBuffer if unset.  Default value: -1. 

--cloud-prefetch-buffer,-CPB <Integer>
                              Size of the cloud-only prefetch buffer (in MB; 0 to disable).  Default value: 40. 

--count-type <CountPileupType>How should overlapping reads from the same fragment be handled? NOTE: currently only
                              COUNT_READS is supported  Default value: COUNT_READS. Possible values: {COUNT_READS,
                              COUNT_FRAGMENTS, COUNT_FRAGMENTS_REQUIRE_SAME_BASE} 

--create-output-bam-index,-OBI <Boolean>
                              If true, create a BAM/CRAM index when writing a coordinate-sorted BAM/CRAM file.  Default
                              value: true. Possible values: {true, false} 

--create-output-bam-md5,-OBM <Boolean>
                              If true, create a MD5 digest for any BAM/SAM/CRAM file created  Default value: false.
                              Possible values: {true, false} 

--create-output-variant-index,-OVI <Boolean>
                              If true, create a VCF index when writing a coordinate-sorted VCF file.  Default value:
                              true. Possible values: {true, false} 

--create-output-variant-md5,-OVM <Boolean>
                              If true, create a a MD5 digest any VCF file created.  Default value: false. Possible
                              values: {true, false} 

--disable-bam-index-caching,-DBIC <Boolean>
                              If true, don't cache bam indexes, this will reduce memory requirements but may harm
                              performance if many intervals are specified.  Caching is automatically disabled if there
                              are no intervals specified.  Default value: false. Possible values: {true, false} 

--disable-read-filter,-DF <String>
                              Read filters to be disabled before analysis  This argument may be specified 0 or more
                              times. Default value: null. Possible values: {MappedReadFilter, NotDuplicateReadFilter,
                              NotSecondaryAlignmentReadFilter, WellformedReadFilterPossible values: {

--disable-sequence-dictionary-validation,-disable-sequence-dictionary-validation <Boolean>
                              If specified, do not check the sequence dictionaries from our inputs for compatibility.
                              Use at your own risk!  Default value: false. Possible values: {true, false} 

--exclude-intervals,-XL <String>
                              One or more genomic intervals to exclude from processing  This argument may be specified 0
                              or more times. Default value: null. 

--gatk-config-file <String>   A configuration file to use with the GATK.  Default value: null. 

--gcs-max-retries,-gcs-retries <Integer>
                              If the GCS bucket channel errors out, how many times it will attempt to re-initiate the
                              connection  Default value: 20. 

--gcs-project-for-requester-pays <String>
                              Project to bill when accessing "requester pays" buckets. If unset, these buckets cannot be
                              accessed.  User must have storage.buckets.get permission on the bucket being accessed. 
                              Default value: . 

--help,-h <Boolean>           display the help message  Default value: false. Possible values: {true, false} 

--interval-exclusion-padding,-ixp <Integer>
                              Amount of padding (in bp) to add to each interval you are excluding.  Default value: 0. 

--interval-merging-rule,-imr <IntervalMergingRule>
                              Interval merging rule for abutting intervals  Default value: ALL. Possible values: {ALL,
                              OVERLAPPING_ONLY} 

--interval-padding,-ip <Integer>
                              Amount of padding (in bp) to add to each interval you are including.  Default value: 0. 

--interval-set-rule,-isr <IntervalSetRule>
                              Set merging approach to use for combining interval inputs  Default value: UNION. Possible
                              values: {UNION, INTERSECTION} 

--lenient,-LE <Boolean>       Lenient processing of VCF files  Default value: false. Possible values: {true, false} 

--max-base-quality <Byte>     Maximum quality of bases to count towards depth  Default value: 127. 

--max-depth-per-sample,-max-depth-per-sample <Integer>
                              Maximum number of reads to retain per sample per locus. Reads above this threshold will be
                              downsampled. Set to 0 to disable.  Default value: 0. 

--min-base-quality <Byte>     Minimum quality of bases to count towards depth  Default value: 0. 

--omit-depth-output-at-each-base <Boolean>
                              Do not output depth of coverage at each base  Default value: false. Possible values:
                              {true, false} 

--omit-genes-not-entirely-covered-by-traversal <Boolean>
                              Do not output gene summary if it was not completely covered by traversal intervals 
                              Default value: false. Possible values: {true, false} 

--omit-interval-statistics <Boolean>
                              Do not calculate per-interval statistics  Default value: false. Possible values: {true,
                              false}  Cannot be used in conjunction with argument(s) refSeqGeneListFiles (gene-list)

--omit-locus-table <Boolean>  Do not calculate per-sample per-depth counts of loci  Default value: false. Possible
                              values: {true, false} 

--omit-per-sample-statistics <Boolean>
                              Do not output the summary files per-sample  Default value: false. Possible values: {true,
                              false} 

--output-format <DEPTH_OF_COVERAGE_OUTPUT_FORMAT>
                              The format of the output file  Default value: CSV. Possible values: {TABLE, CSV} 

--partition-type,-pt <Partition>
                              Partition type for depth of coverage  This argument may be specified 0 or more times.
                              Default value: [sample]. Possible values: {readgroup, sample, library, platform, center,
                              sample_by_platform, sample_by_center, sample_by_platform_by_center} 

--print-base-counts <Boolean> Add base counts to per-locus output  Default value: false. Possible values: {true, false} 

--QUIET <Boolean>             Whether to suppress job-summary info on System.err.  Default value: false. Possible
                              values: {true, false} 

--read-filter,-RF <String>    Read filters to be applied before analysis  This argument may be specified 0 or more
                              times. Default value: null. Possible values: {AlignmentAgreesWithHeaderReadFilter,
                              AllowAllReadsReadFilter, AmbiguousBaseReadFilter, CigarContainsNoNOperator,
                              FirstOfPairReadFilter, FragmentLengthReadFilter, GoodCigarReadFilter,
                              HasReadGroupReadFilter, IntervalOverlapReadFilter, LibraryReadFilter, MappedReadFilter,
                              MappingQualityAvailableReadFilter, MappingQualityNotZeroReadFilter,
                              MappingQualityReadFilter, MatchingBasesAndQualsReadFilter, MateDifferentStrandReadFilter,
                              MateDistantReadFilter, MateOnSameContigOrNoMappedMateReadFilter,
                              MateUnmappedAndUnmappedReadFilter, MetricsReadFilter,
                              NonChimericOriginalAlignmentReadFilter, NonZeroFragmentLengthReadFilter,
                              NonZeroReferenceLengthAlignmentReadFilter, NotDuplicateReadFilter,
                              NotOpticalDuplicateReadFilter, NotProperlyPairedReadFilter,
                              NotSecondaryAlignmentReadFilter, NotSupplementaryAlignmentReadFilter,
                              OverclippedReadFilter, PairedReadFilter, PassesVendorQualityCheckReadFilter,
                              PlatformReadFilter, PlatformUnitReadFilter, PrimaryLineReadFilter,
                              ProperlyPairedReadFilter, ReadGroupBlackListReadFilter, ReadGroupReadFilter,
                              ReadLengthEqualsCigarLengthReadFilter, ReadLengthReadFilter, ReadNameReadFilter,
                              ReadStrandFilter, SampleReadFilter, SecondOfPairReadFilter, SeqIsStoredReadFilter,
                              SoftClippedReadFilter, ValidAlignmentEndReadFilter, ValidAlignmentStartReadFilter,
                              WellformedReadFilterPossible values: {

--read-index,-read-index <GATKPath>
                              Indices to use for the read inputs. If specified, an index must be provided for every read
                              input and in the same order as the read inputs. If this argument is not specified, the
                              path to the index for each input will be inferred automatically.  This argument may be
                              specified 0 or more times. Default value: null. 

--read-validation-stringency,-VS <ValidationStringency>
                              Validation stringency for all SAM/BAM/CRAM/SRA files read by this program.  The default
                              stringency value SILENT can improve performance when processing a BAM file in which
                              variable-length data (read, qualities, tags) do not otherwise need to be decoded.  Default
                              value: SILENT. Possible values: {STRICT, LENIENT, SILENT} 

--seconds-between-progress-updates,-seconds-between-progress-updates <Double>
                              Output traversal statistics every time this many seconds elapse  Default value: 10.0. 

--sequence-dictionary,-sequence-dictionary <GATKPath>
                              Use the given sequence dictionary as the master/canonical sequence dictionary.  Must be a
                              .dict file.  Default value: null. 

--sites-only-vcf-output <Boolean>
                              If true, don't emit genotype fields when writing vcf file output.  Default value: false.
                              Possible values: {true, false} 

--tmp-dir <GATKPath>          Temp directory to use.  Default value: null. 

--use-jdk-deflater,-jdk-deflater <Boolean>
                              Whether to use the JdkDeflater (as opposed to IntelDeflater)  Default value: false.
                              Possible values: {true, false} 

--use-jdk-inflater,-jdk-inflater <Boolean>
                              Whether to use the JdkInflater (as opposed to IntelInflater)  Default value: false.
                              Possible values: {true, false} 

--verbosity,-verbosity <LogLevel>
                              Control verbosity of logging.  Default value: INFO. Possible values: {ERROR, WARNING,
                              INFO, DEBUG} 

--version <Boolean>           display the version number for this tool  Default value: false. Possible values: {true,
                              false} 


Advanced Arguments:

--disable-tool-default-read-filters,-disable-tool-default-read-filters <Boolean>
                              Disable all tool default read filters (WARNING: many tools will not function correctly
                              without their default read filters on)  Default value: false. Possible values: {true,
                              false} 

--ignore-deletion-sites <Boolean>
                              Ignore sites consisting only of deletions  Default value: false. Possible values: {true,
                              false} 

--include-deletions <Boolean> Include information on deletions alongside other bases in output table counts  Default
                              value: false. Possible values: {true, false} 

--include-ref-n-sites <Boolean>
                              Include sites where the reference is N  Default value: false. Possible values: {true,
                              false} 

--nBins <Integer>             Number of bins to use for granular binning  Default value: 499. 

--showHidden,-showHidden <Boolean>
                              display hidden arguments  Default value: false. Possible values: {true, false} 

--start <Integer>             Starting (left endpoint) for granular binning  Default value: 1. 

--stop <Integer>              Ending (right endpoint) for granular binning  Default value: 500. 

--summary-coverage-threshold <Integer>
                              Coverage threshold (in percent) for summarizing statistics  This argument may be specified
                              0 or more times. Default value: [15]. 


***********************************************************************

A USER ERROR has occurred: Argument intervals was missing: Argument 'intervals' is required

***********************************************************************
Set the system property GATK_STACKTRACE_ON_USER_EXCEPTION (--java-options '-DGATK_STACKTRACE_ON_USER_EXCEPTION=true') to print the stack trace.
Using GATK jar /home/jun9485/programs/gatk4/gatk-4.2.0.0/gatk-package-4.2.0.0-local.jar
Running:
    java -Dsamjdk.use_async_io_read_samtools=false -Dsamjdk.use_async_io_write_samtools=true -Dsamjdk.use_async_io_write_tribble=false -Dsamjdk.compression_level=2 -jar /home/jun9485/programs/gatk4/gatk-4.2.0.0/gatk-package-4.2.0.0-local.jar DepthOfCoverage -R /home/jun9485/data/refGenome/b37/human_g1k_v37.fasta -O /home/jun9485/data/WGS/HN00146173/recal_bam/DOC_resultsWGS_Teratoma-7.doc -I /home/jun9485/data/WGS/HN00146173/recal_bam/recal_deduped_sorted_Teratoma-7.bam


**BETA FEATURE - WORK IN PROGRESS**

USAGE: DepthOfCoverage [arguments]

Generate coverage summary information for reads data
Version:4.2.0.0


Required Arguments:

--input,-I <GATKPath>         BAM/SAM/CRAM file containing reads  This argument must be specified at least once.
                              Required. 

--intervals,-L <String>       One or more genomic intervals over which to operate  This argument must be specified at
                              least once. Required. 

--output,-O <String>          Base file location to which to write coverage summary information, must be a path to a
                              file  Required. 

--reference,-R <GATKPath>     Reference sequence file  Required. 


Optional Arguments:

--add-output-sam-program-record,-add-output-sam-program-record <Boolean>
                              If true, adds a PG tag to created SAM/BAM/CRAM files.  Default value: true. Possible
                              values: {true, false} 

--add-output-vcf-command-line,-add-output-vcf-command-line <Boolean>
                              If true, adds a command line header line to created VCF files.  Default value: true.
                              Possible values: {true, false} 

--arguments_file <File>       read one or more arguments files and add them to the command line  This argument may be
                              specified 0 or more times. Default value: null. 

--calculate-coverage-over-genes,-gene-list <String>
                              Calculate coverage statistics over this list of genes  This argument may be specified 0 or
                              more times. Default value: null.  Cannot be used in conjunction with argument(s)
                              omitIntervals

--cloud-index-prefetch-buffer,-CIPB <Integer>
                              Size of the cloud-only prefetch buffer (in MB; 0 to disable). Defaults to
                              cloudPrefetchBuffer if unset.  Default value: -1. 

--cloud-prefetch-buffer,-CPB <Integer>
                              Size of the cloud-only prefetch buffer (in MB; 0 to disable).  Default value: 40. 

--count-type <CountPileupType>How should overlapping reads from the same fragment be handled? NOTE: currently only
                              COUNT_READS is supported  Default value: COUNT_READS. Possible values: {COUNT_READS,
                              COUNT_FRAGMENTS, COUNT_FRAGMENTS_REQUIRE_SAME_BASE} 

--create-output-bam-index,-OBI <Boolean>
                              If true, create a BAM/CRAM index when writing a coordinate-sorted BAM/CRAM file.  Default
                              value: true. Possible values: {true, false} 

--create-output-bam-md5,-OBM <Boolean>
                              If true, create a MD5 digest for any BAM/SAM/CRAM file created  Default value: false.
                              Possible values: {true, false} 

--create-output-variant-index,-OVI <Boolean>
                              If true, create a VCF index when writing a coordinate-sorted VCF file.  Default value:
                              true. Possible values: {true, false} 

--create-output-variant-md5,-OVM <Boolean>
                              If true, create a a MD5 digest any VCF file created.  Default value: false. Possible
                              values: {true, false} 

--disable-bam-index-caching,-DBIC <Boolean>
                              If true, don't cache bam indexes, this will reduce memory requirements but may harm
                              performance if many intervals are specified.  Caching is automatically disabled if there
                              are no intervals specified.  Default value: false. Possible values: {true, false} 

--disable-read-filter,-DF <String>
                              Read filters to be disabled before analysis  This argument may be specified 0 or more
                              times. Default value: null. Possible values: {MappedReadFilter, NotDuplicateReadFilter,
                              NotSecondaryAlignmentReadFilter, WellformedReadFilterPossible values: {

--disable-sequence-dictionary-validation,-disable-sequence-dictionary-validation <Boolean>
                              If specified, do not check the sequence dictionaries from our inputs for compatibility.
                              Use at your own risk!  Default value: false. Possible values: {true, false} 

--exclude-intervals,-XL <String>
                              One or more genomic intervals to exclude from processing  This argument may be specified 0
                              or more times. Default value: null. 

--gatk-config-file <String>   A configuration file to use with the GATK.  Default value: null. 

--gcs-max-retries,-gcs-retries <Integer>
                              If the GCS bucket channel errors out, how many times it will attempt to re-initiate the
                              connection  Default value: 20. 

--gcs-project-for-requester-pays <String>
                              Project to bill when accessing "requester pays" buckets. If unset, these buckets cannot be
                              accessed.  User must have storage.buckets.get permission on the bucket being accessed. 
                              Default value: . 

--help,-h <Boolean>           display the help message  Default value: false. Possible values: {true, false} 

--interval-exclusion-padding,-ixp <Integer>
                              Amount of padding (in bp) to add to each interval you are excluding.  Default value: 0. 

--interval-merging-rule,-imr <IntervalMergingRule>
                              Interval merging rule for abutting intervals  Default value: ALL. Possible values: {ALL,
                              OVERLAPPING_ONLY} 

--interval-padding,-ip <Integer>
                              Amount of padding (in bp) to add to each interval you are including.  Default value: 0. 

--interval-set-rule,-isr <IntervalSetRule>
                              Set merging approach to use for combining interval inputs  Default value: UNION. Possible
                              values: {UNION, INTERSECTION} 

--lenient,-LE <Boolean>       Lenient processing of VCF files  Default value: false. Possible values: {true, false} 

--max-base-quality <Byte>     Maximum quality of bases to count towards depth  Default value: 127. 

--max-depth-per-sample,-max-depth-per-sample <Integer>
                              Maximum number of reads to retain per sample per locus. Reads above this threshold will be
                              downsampled. Set to 0 to disable.  Default value: 0. 

--min-base-quality <Byte>     Minimum quality of bases to count towards depth  Default value: 0. 

--omit-depth-output-at-each-base <Boolean>
                              Do not output depth of coverage at each base  Default value: false. Possible values:
                              {true, false} 

--omit-genes-not-entirely-covered-by-traversal <Boolean>
                              Do not output gene summary if it was not completely covered by traversal intervals 
                              Default value: false. Possible values: {true, false} 

--omit-interval-statistics <Boolean>
                              Do not calculate per-interval statistics  Default value: false. Possible values: {true,
                              false}  Cannot be used in conjunction with argument(s) refSeqGeneListFiles (gene-list)

--omit-locus-table <Boolean>  Do not calculate per-sample per-depth counts of loci  Default value: false. Possible
                              values: {true, false} 

--omit-per-sample-statistics <Boolean>
                              Do not output the summary files per-sample  Default value: false. Possible values: {true,
                              false} 

--output-format <DEPTH_OF_COVERAGE_OUTPUT_FORMAT>
                              The format of the output file  Default value: CSV. Possible values: {TABLE, CSV} 

--partition-type,-pt <Partition>
                              Partition type for depth of coverage  This argument may be specified 0 or more times.
                              Default value: [sample]. Possible values: {readgroup, sample, library, platform, center,
                              sample_by_platform, sample_by_center, sample_by_platform_by_center} 

--print-base-counts <Boolean> Add base counts to per-locus output  Default value: false. Possible values: {true, false} 

--QUIET <Boolean>             Whether to suppress job-summary info on System.err.  Default value: false. Possible
                              values: {true, false} 

--read-filter,-RF <String>    Read filters to be applied before analysis  This argument may be specified 0 or more
                              times. Default value: null. Possible values: {AlignmentAgreesWithHeaderReadFilter,
                              AllowAllReadsReadFilter, AmbiguousBaseReadFilter, CigarContainsNoNOperator,
                              FirstOfPairReadFilter, FragmentLengthReadFilter, GoodCigarReadFilter,
                              HasReadGroupReadFilter, IntervalOverlapReadFilter, LibraryReadFilter, MappedReadFilter,
                              MappingQualityAvailableReadFilter, MappingQualityNotZeroReadFilter,
                              MappingQualityReadFilter, MatchingBasesAndQualsReadFilter, MateDifferentStrandReadFilter,
                              MateDistantReadFilter, MateOnSameContigOrNoMappedMateReadFilter,
                              MateUnmappedAndUnmappedReadFilter, MetricsReadFilter,
                              NonChimericOriginalAlignmentReadFilter, NonZeroFragmentLengthReadFilter,
                              NonZeroReferenceLengthAlignmentReadFilter, NotDuplicateReadFilter,
                              NotOpticalDuplicateReadFilter, NotProperlyPairedReadFilter,
                              NotSecondaryAlignmentReadFilter, NotSupplementaryAlignmentReadFilter,
                              OverclippedReadFilter, PairedReadFilter, PassesVendorQualityCheckReadFilter,
                              PlatformReadFilter, PlatformUnitReadFilter, PrimaryLineReadFilter,
                              ProperlyPairedReadFilter, ReadGroupBlackListReadFilter, ReadGroupReadFilter,
                              ReadLengthEqualsCigarLengthReadFilter, ReadLengthReadFilter, ReadNameReadFilter,
                              ReadStrandFilter, SampleReadFilter, SecondOfPairReadFilter, SeqIsStoredReadFilter,
                              SoftClippedReadFilter, ValidAlignmentEndReadFilter, ValidAlignmentStartReadFilter,
                              WellformedReadFilterPossible values: {

--read-index,-read-index <GATKPath>
                              Indices to use for the read inputs. If specified, an index must be provided for every read
                              input and in the same order as the read inputs. If this argument is not specified, the
                              path to the index for each input will be inferred automatically.  This argument may be
                              specified 0 or more times. Default value: null. 

--read-validation-stringency,-VS <ValidationStringency>
                              Validation stringency for all SAM/BAM/CRAM/SRA files read by this program.  The default
                              stringency value SILENT can improve performance when processing a BAM file in which
                              variable-length data (read, qualities, tags) do not otherwise need to be decoded.  Default
                              value: SILENT. Possible values: {STRICT, LENIENT, SILENT} 

--seconds-between-progress-updates,-seconds-between-progress-updates <Double>
                              Output traversal statistics every time this many seconds elapse  Default value: 10.0. 

--sequence-dictionary,-sequence-dictionary <GATKPath>
                              Use the given sequence dictionary as the master/canonical sequence dictionary.  Must be a
                              .dict file.  Default value: null. 

--sites-only-vcf-output <Boolean>
                              If true, don't emit genotype fields when writing vcf file output.  Default value: false.
                              Possible values: {true, false} 

--tmp-dir <GATKPath>          Temp directory to use.  Default value: null. 

--use-jdk-deflater,-jdk-deflater <Boolean>
                              Whether to use the JdkDeflater (as opposed to IntelDeflater)  Default value: false.
                              Possible values: {true, false} 

--use-jdk-inflater,-jdk-inflater <Boolean>
                              Whether to use the JdkInflater (as opposed to IntelInflater)  Default value: false.
                              Possible values: {true, false} 

--verbosity,-verbosity <LogLevel>
                              Control verbosity of logging.  Default value: INFO. Possible values: {ERROR, WARNING,
                              INFO, DEBUG} 

--version <Boolean>           display the version number for this tool  Default value: false. Possible values: {true,
                              false} 


Advanced Arguments:

--disable-tool-default-read-filters,-disable-tool-default-read-filters <Boolean>
                              Disable all tool default read filters (WARNING: many tools will not function correctly
                              without their default read filters on)  Default value: false. Possible values: {true,
                              false} 

--ignore-deletion-sites <Boolean>
                              Ignore sites consisting only of deletions  Default value: false. Possible values: {true,
                              false} 

--include-deletions <Boolean> Include information on deletions alongside other bases in output table counts  Default
                              value: false. Possible values: {true, false} 

--include-ref-n-sites <Boolean>
                              Include sites where the reference is N  Default value: false. Possible values: {true,
                              false} 

--nBins <Integer>             Number of bins to use for granular binning  Default value: 499. 

--showHidden,-showHidden <Boolean>
                              display hidden arguments  Default value: false. Possible values: {true, false} 

--start <Integer>             Starting (left endpoint) for granular binning  Default value: 1. 

--stop <Integer>              Ending (right endpoint) for granular binning  Default value: 500. 

--summary-coverage-threshold <Integer>
                              Coverage threshold (in percent) for summarizing statistics  This argument may be specified
                              0 or more times. Default value: [15]. 


***********************************************************************

A USER ERROR has occurred: Argument intervals was missing: Argument 'intervals' is required

***********************************************************************
Set the system property GATK_STACKTRACE_ON_USER_EXCEPTION (--java-options '-DGATK_STACKTRACE_ON_USER_EXCEPTION=true') to print the stack trace.
Using GATK jar /home/jun9485/programs/gatk4/gatk-4.2.0.0/gatk-package-4.2.0.0-local.jar
Running:
    java -Dsamjdk.use_async_io_read_samtools=false -Dsamjdk.use_async_io_write_samtools=true -Dsamjdk.use_async_io_write_tribble=false -Dsamjdk.compression_level=2 -jar /home/jun9485/programs/gatk4/gatk-4.2.0.0/gatk-package-4.2.0.0-local.jar DepthOfCoverage -R /home/jun9485/data/refGenome/b37/human_g1k_v37.fasta -O /home/jun9485/data/WGS/HN00146173/recal_bam/DOC_resultsWGS_Teratoma-8.doc -I /home/jun9485/data/WGS/HN00146173/recal_bam/recal_deduped_sorted_Teratoma-8.bam
